<?xml version="1.0" encoding="UTF-8"?>
<!-- Generated by org.testng.reporters.JUnitXMLReporter -->
<testsuite ignored="4" hostname="Lenovo-PC" failures="2" tests="2" name="Test" time="78.978" errors="0" timestamp="2022-05-09T12:59:49 IST">
  <testcase classname="com.crm.orgtest.CreateOrgTest" name="createOrgTest" time="16.602">
    <failure type="java.lang.AssertionError" message="Organization is not created===FAIL expected [true] but found [false]">
      <![CDATA[java.lang.AssertionError: Organization is not created===FAIL expected [true] but found [false]
at com.crm.orgtest.CreateOrgTest.createOrgTest(CreateOrgTest.java:40)
at java.base/java.util.ArrayList.forEach(ArrayList.java:1511)
... Removed 30 stack frames]]>
    </failure>
  </testcase> <!-- createOrgTest -->
  <testcase classname="com.crm.orgtest.CreateOrgTest" name="createOrgTest" time="12.192">
    <failure type="java.lang.AssertionError" message="Organization is not created===FAIL expected [true] but found [false]">
      <![CDATA[java.lang.AssertionError: Organization is not created===FAIL expected [true] but found [false]
at com.crm.orgtest.CreateOrgTest.createOrgTest(CreateOrgTest.java:40)
at java.base/java.util.ArrayList.forEach(ArrayList.java:1511)
... Removed 30 stack frames]]>
    </failure>
  </testcase> <!-- createOrgTest -->
  <testcase classname="com.crm.skimoon.genericUtility.BaseClass" name="@AfterSuite asConfig" time="0.0">
    <ignored/>
  </testcase> <!-- @AfterSuite asConfig -->
  <testcase classname="com.crm.skimoon.genericUtility.BaseClass" name="@AfterSuite asConfig" time="0.0">
    <ignored/>
  </testcase> <!-- @AfterSuite asConfig -->
  <testcase classname="com.crm.skimoon.genericUtility.BaseClass" name="@BeforeSuite bsConfig" time="0.0">
    <ignored/>
  </testcase> <!-- @BeforeSuite bsConfig -->
  <testcase classname="com.crm.skimoon.genericUtility.BaseClass" name="@BeforeSuite bsConfig" time="0.0">
    <ignored/>
  </testcase> <!-- @BeforeSuite bsConfig -->
</testsuite> <!-- Test -->
